<?xml version="1.0" encoding="UTF-8"?>
<!-- Generated by org.testng.reporters.JUnitReportReporter -->
<testsuite hostname="MS-20161112VSSV" name="java15_api_testNG.TestNgDemo" tests="1" failures="0" timestamp="27 Nov 2019 07:06:45 GMT" time="0.027" errors="0">
  <testcase name="test" time="0.027" classname="java15_api_testNG.TestNgDemo"/>
</testsuite> <!-- java15_api_testNG.TestNgDemo -->
