<?xml version="1.0" encoding="UTF-8"?>
<!-- Generated by org.testng.reporters.JUnitReportReporter -->
<testsuite hostname="MS-20161112VSSV" name="com.lemon.cases.Recharge" tests="5" failures="0" timestamp="12 Dec 2019 06:53:26 GMT" time="0.473" errors="0">
  <testcase name="test" time="0.091" classname="com.lemon.cases.Recharge"/>
  <testcase name="test" time="0.097" classname="com.lemon.cases.Recharge"/>
  <testcase name="test" time="0.096" classname="com.lemon.cases.Recharge"/>
  <testcase name="test" time="0.105" classname="com.lemon.cases.Recharge"/>
  <testcase name="test" time="0.084" classname="com.lemon.cases.Recharge"/>
</testsuite> <!-- com.lemon.cases.Recharge -->
