<?xml version="1.0" encoding="UTF-8"?>
<!-- Generated by org.testng.reporters.JUnitReportReporter -->
<testsuite hostname="MS-20161112VSSV" name="java15_api_testNG.TestDemo" tests="5" failures="0" timestamp="27 Nov 2019 07:21:58 GMT" time="0.045" errors="0">
  <testcase name="register" time="0.003" classname="java15_api_testNG.TestDemo"/>
  <testcase name="register" time="0.034" classname="java15_api_testNG.TestDemo"/>
  <testcase name="register" time="0.003" classname="java15_api_testNG.TestDemo"/>
  <testcase name="register" time="0.003" classname="java15_api_testNG.TestDemo"/>
  <testcase name="register" time="0.002" classname="java15_api_testNG.TestDemo"/>
</testsuite> <!-- java15_api_testNG.TestDemo -->
