<?xml version="1.0" encoding="UTF-8"?>
<!-- Generated by org.testng.reporters.JUnitReportReporter -->
<testsuite hostname="MS-20161112VSSV" name="com.lemo.httpclient.TestDemo" tests="1" failures="0" timestamp="2 Dec 2019 09:21:31 GMT" time="1.348" errors="0">
  <testcase name="test" time="1.348" classname="com.lemo.httpclient.TestDemo"/>
</testsuite> <!-- com.lemo.httpclient.TestDemo -->
