<?xml version="1.0" encoding="UTF-8"?>
<!-- Generated by org.testng.reporters.JUnitReportReporter -->
<testsuite hostname="MS-20161112VSSV" name="com.lemon.cases.Register" tests="5" failures="0" timestamp="12 Dec 2019 11:35:37 GMT" time="1.458" errors="0">
  <testcase name="test" time="0.184" classname="com.lemon.cases.Register"/>
  <testcase name="test" time="0.836" classname="com.lemon.cases.Register"/>
  <testcase name="test" time="0.209" classname="com.lemon.cases.Register"/>
  <testcase name="test" time="0.125" classname="com.lemon.cases.Register"/>
  <testcase name="test" time="0.104" classname="com.lemon.cases.Register"/>
</testsuite> <!-- com.lemon.cases.Register -->
