<?xml version="1.0" encoding="UTF-8"?>
<!-- Generated by org.testng.reporters.JUnitReportReporter -->
<testsuite hostname="MS-20161112VSSV" name="com.lemo.cases.LoginCase" tests="7" failures="0" timestamp="5 Dec 2019 02:35:48 GMT" time="7.050" errors="0">
  <testcase name="test" time="0.517" classname="com.lemo.cases.LoginCase"/>
  <testcase name="test" time="0.503" classname="com.lemo.cases.LoginCase"/>
  <testcase name="test" time="0.902" classname="com.lemo.cases.LoginCase"/>
  <testcase name="test" time="0.504" classname="com.lemo.cases.LoginCase"/>
  <testcase name="test" time="0.444" classname="com.lemo.cases.LoginCase"/>
  <testcase name="test" time="0.501" classname="com.lemo.cases.LoginCase"/>
  <testcase name="test" time="3.679" classname="com.lemo.cases.LoginCase"/>
</testsuite> <!-- com.lemo.cases.LoginCase -->
