<?xml version="1.0" encoding="UTF-8"?>
<!-- Generated by org.testng.reporters.JUnitReportReporter -->
<testsuite hostname="MS-20161112VSSV" name="com.lemon.cases.Login" tests="5" failures="0" timestamp="7 Jan 2020 10:34:27 GMT" time="2.618" errors="0">
  <testcase name="test" time="0.168" classname="com.lemon.cases.Login"/>
  <testcase name="test" time="0.154" classname="com.lemon.cases.Login"/>
  <testcase name="test" time="0.196" classname="com.lemon.cases.Login"/>
  <testcase name="test" time="1.952" classname="com.lemon.cases.Login"/>
  <testcase name="test" time="0.148" classname="com.lemon.cases.Login"/>
</testsuite> <!-- com.lemon.cases.Login -->
