<?xml version="1.0" encoding="UTF-8"?>
<!-- Generated by org.testng.reporters.JUnitReportReporter -->
<testsuite hostname="MS-20161112VSSV" name="com.lemo.cases.Register" tests="6" failures="0" timestamp="10 Dec 2019 08:32:44 GMT" time="1.523" errors="0">
  <testcase name="test" time="0.157" classname="com.lemo.cases.Register"/>
  <testcase name="test" time="0.190" classname="com.lemo.cases.Register"/>
  <testcase name="test" time="0.722" classname="com.lemo.cases.Register"/>
  <testcase name="test" time="0.142" classname="com.lemo.cases.Register"/>
  <testcase name="test" time="0.183" classname="com.lemo.cases.Register"/>
  <testcase name="test" time="0.129" classname="com.lemo.cases.Register"/>
</testsuite> <!-- com.lemo.cases.Register -->
